\BOOKMARK [0][-]{chapter.1}{\376\377\000M\000a\000i\000n\000\040\000P\000a\000g\000e}{}% 1
\BOOKMARK [0][-]{chapter.2}{\376\377\000C\000l\000a\000s\000s\000\040\000I\000n\000d\000e\000x}{}% 2
\BOOKMARK [1][-]{section.2.1}{\376\377\000C\000l\000a\000s\000s\000\040\000L\000i\000s\000t}{chapter.2}% 3
\BOOKMARK [0][-]{chapter.3}{\376\377\000F\000i\000l\000e\000\040\000I\000n\000d\000e\000x}{}% 4
\BOOKMARK [1][-]{section.3.1}{\376\377\000F\000i\000l\000e\000\040\000L\000i\000s\000t}{chapter.3}% 5
\BOOKMARK [0][-]{chapter.4}{\376\377\000C\000l\000a\000s\000s\000\040\000D\000o\000c\000u\000m\000e\000n\000t\000a\000t\000i\000o\000n}{}% 6
\BOOKMARK [1][-]{section.4.1}{\376\377\000u\000t\000i\000l\000.\000P\000a\000i\000r\000\040\000C\000l\000a\000s\000s\000\040\000R\000e\000f\000e\000r\000e\000n\000c\000e}{chapter.4}% 7
\BOOKMARK [2][-]{subsection.4.1.1}{\376\377\000D\000e\000t\000a\000i\000l\000e\000d\000\040\000D\000e\000s\000c\000r\000i\000p\000t\000i\000o\000n}{section.4.1}% 8
\BOOKMARK [2][-]{subsection.4.1.2}{\376\377\000C\000o\000n\000s\000t\000r\000u\000c\000t\000o\000r\000\040\000\046\000\040\000D\000e\000s\000t\000r\000u\000c\000t\000o\000r\000\040\000D\000o\000c\000u\000m\000e\000n\000t\000a\000t\000i\000o\000n}{section.4.1}% 9
\BOOKMARK [3][-]{subsubsection.4.1.2.1}{\376\377\000P\000a\000i\000r}{subsection.4.1.2}% 10
\BOOKMARK [2][-]{subsection.4.1.3}{\376\377\000M\000e\000m\000b\000e\000r\000\040\000F\000u\000n\000c\000t\000i\000o\000n\000\040\000D\000o\000c\000u\000m\000e\000n\000t\000a\000t\000i\000o\000n}{section.4.1}% 11
\BOOKMARK [3][-]{subsubsection.4.1.3.1}{\376\377\000g\000e\000t\000X}{subsection.4.1.3}% 12
\BOOKMARK [3][-]{subsubsection.4.1.3.2}{\376\377\000g\000e\000t\000Y}{subsection.4.1.3}% 13
\BOOKMARK [3][-]{subsubsection.4.1.3.3}{\376\377\000s\000e\000t\000X}{subsection.4.1.3}% 14
\BOOKMARK [3][-]{subsubsection.4.1.3.4}{\376\377\000s\000e\000t\000Y}{subsection.4.1.3}% 15
\BOOKMARK [1][-]{section.4.2}{\376\377\000t\000e\000s\000t\000.\000t\000e\000s\000t\000C\000l\000a\000s\000s\000\040\000C\000l\000a\000s\000s\000\040\000R\000e\000f\000e\000r\000e\000n\000c\000e}{chapter.4}% 16
\BOOKMARK [2][-]{subsection.4.2.1}{\376\377\000D\000e\000t\000a\000i\000l\000e\000d\000\040\000D\000e\000s\000c\000r\000i\000p\000t\000i\000o\000n}{section.4.2}% 17
\BOOKMARK [2][-]{subsection.4.2.2}{\376\377\000M\000e\000m\000b\000e\000r\000\040\000F\000u\000n\000c\000t\000i\000o\000n\000\040\000D\000o\000c\000u\000m\000e\000n\000t\000a\000t\000i\000o\000n}{section.4.2}% 18
\BOOKMARK [3][-]{subsubsection.4.2.2.1}{\376\377\000c\000h\000e\000c\000k\000D\000a\000t\000e\000T\000e\000s\000t}{subsection.4.2.2}% 19
\BOOKMARK [3][-]{subsubsection.4.2.2.2}{\376\377\000c\000h\000e\000c\000k\000D\000n\000i\000T\000e\000s\000t}{subsection.4.2.2}% 20
\BOOKMARK [3][-]{subsubsection.4.2.2.3}{\376\377\000c\000h\000e\000c\000k\000H\000o\000u\000r}{subsection.4.2.2}% 21
\BOOKMARK [3][-]{subsubsection.4.2.2.4}{\376\377\000c\000h\000e\000c\000k\000S\000t\000r\000i\000n\000g\000T\000e\000s\000t}{subsection.4.2.2}% 22
\BOOKMARK [3][-]{subsubsection.4.2.2.5}{\376\377\000d\000a\000y\000s\000D\000i\000f\000f}{subsection.4.2.2}% 23
\BOOKMARK [3][-]{subsubsection.4.2.2.6}{\376\377\000h\000o\000u\000r\000D\000i\000f\000f\000T\000e\000s\000t}{subsection.4.2.2}% 24
\BOOKMARK [3][-]{subsubsection.4.2.2.7}{\376\377\000m\000e\000d\000i\000c\000P\000a\000y\000T\000e\000s\000t}{subsection.4.2.2}% 25
\BOOKMARK [3][-]{subsubsection.4.2.2.8}{\376\377\000t\000o\000t\000a\000l\000P\000a\000y\000T\000e\000s\000t}{subsection.4.2.2}% 26
\BOOKMARK [1][-]{section.4.3}{\376\377\000u\000t\000i\000l\000.\000u\000t\000i\000l\000T\000e\000s\000t\000\040\000C\000l\000a\000s\000s\000\040\000R\000e\000f\000e\000r\000e\000n\000c\000e}{chapter.4}% 27
\BOOKMARK [2][-]{subsection.4.3.1}{\376\377\000D\000e\000t\000a\000i\000l\000e\000d\000\040\000D\000e\000s\000c\000r\000i\000p\000t\000i\000o\000n}{section.4.3}% 28
\BOOKMARK [2][-]{subsection.4.3.2}{\376\377\000M\000e\000m\000b\000e\000r\000\040\000F\000u\000n\000c\000t\000i\000o\000n\000\040\000D\000o\000c\000u\000m\000e\000n\000t\000a\000t\000i\000o\000n}{section.4.3}% 29
\BOOKMARK [3][-]{subsubsection.4.3.2.1}{\376\377\000c\000h\000e\000c\000k\000D\000a\000t\000e}{subsection.4.3.2}% 30
\BOOKMARK [3][-]{subsubsection.4.3.2.2}{\376\377\000c\000h\000e\000c\000k\000D\000n\000i}{subsection.4.3.2}% 31
\BOOKMARK [3][-]{subsubsection.4.3.2.3}{\376\377\000c\000h\000e\000c\000k\000H\000o\000u\000r}{subsection.4.3.2}% 32
\BOOKMARK [3][-]{subsubsection.4.3.2.4}{\376\377\000c\000h\000e\000c\000k\000S\000t\000r\000i\000n\000g}{subsection.4.3.2}% 33
\BOOKMARK [3][-]{subsubsection.4.3.2.5}{\376\377\000d\000a\000y\000s\000D\000i\000f\000f}{subsection.4.3.2}% 34
\BOOKMARK [3][-]{subsubsection.4.3.2.6}{\376\377\000h\000o\000u\000r\000D\000i\000f\000f}{subsection.4.3.2}% 35
\BOOKMARK [3][-]{subsubsection.4.3.2.7}{\376\377\000m\000e\000d\000i\000c\000P\000a\000y}{subsection.4.3.2}% 36
\BOOKMARK [3][-]{subsubsection.4.3.2.8}{\376\377\000t\000o\000t\000a\000l\000P\000a\000y}{subsection.4.3.2}% 37
\BOOKMARK [0][-]{chapter.5}{\376\377\000F\000i\000l\000e\000\040\000D\000o\000c\000u\000m\000e\000n\000t\000a\000t\000i\000o\000n}{}% 38
\BOOKMARK [1][-]{section.5.1}{\376\377\000s\000r\000c\000/\000t\000e\000s\000t\000/\000t\000e\000s\000t\000C\000l\000a\000s\000s\000.\000j\000a\000v\000a\000\040\000F\000i\000l\000e\000\040\000R\000e\000f\000e\000r\000e\000n\000c\000e}{chapter.5}% 39
\BOOKMARK [2][-]{subsection.5.1.1}{\376\377\000D\000e\000t\000a\000i\000l\000e\000d\000\040\000D\000e\000s\000c\000r\000i\000p\000t\000i\000o\000n}{section.5.1}% 40
\BOOKMARK [1][-]{section.5.2}{\376\377\000s\000r\000c\000/\000u\000t\000i\000l\000/\000P\000a\000i\000r\000.\000j\000a\000v\000a\000\040\000F\000i\000l\000e\000\040\000R\000e\000f\000e\000r\000e\000n\000c\000e}{chapter.5}% 41
\BOOKMARK [2][-]{subsection.5.2.1}{\376\377\000D\000e\000t\000a\000i\000l\000e\000d\000\040\000D\000e\000s\000c\000r\000i\000p\000t\000i\000o\000n}{section.5.2}% 42
\BOOKMARK [1][-]{section.5.3}{\376\377\000s\000r\000c\000/\000u\000t\000i\000l\000/\000u\000t\000i\000l\000T\000e\000s\000t\000.\000j\000a\000v\000a\000\040\000F\000i\000l\000e\000\040\000R\000e\000f\000e\000r\000e\000n\000c\000e}{chapter.5}% 43
\BOOKMARK [2][-]{subsection.5.3.1}{\376\377\000D\000e\000t\000a\000i\000l\000e\000d\000\040\000D\000e\000s\000c\000r\000i\000p\000t\000i\000o\000n}{section.5.3}% 44
